<?xml version="1.0" encoding="UTF-8"?>
<!-- Generated by org.testng.reporters.JUnitReportReporter -->
<testsuite skipped="0" hostname="BAPANDEVI1" name="MavenCode.MavenCode.TestCase1" tests="1" failures="0" timestamp="03 Jan 2019 09:34:22 GMT" time="31.307" errors="0">
  <testcase name="Test1" time="31.307" classname="MavenCode.MavenCode.TestCase1"/>
</testsuite> <!-- MavenCode.MavenCode.TestCase1 -->
