<?xml version="1.0" encoding="UTF-8"?>
<!-- Generated by org.testng.reporters.JUnitReportReporter -->
<testsuite hostname="BAPANDEVI1" name="com.test.FirstTest" tests="1" failures="0" timestamp="26 Dec 2018 09:40:20 GMT" time="39.620" errors="0">
  <testcase name="TC_1" time="39.620" classname="com.test.FirstTest"/>
</testsuite> <!-- com.test.FirstTest -->
