<?xml version="1.0" encoding="UTF-8"?>
<!-- Generated by org.testng.reporters.JUnitReportReporter -->
<testsuite skipped="0" hostname="BAPANDEVI1" name="MavenCode.MavenCode.TestCase1" tests="1" failures="0" timestamp="24 Feb 2019 14:43:49 GMT" time="72.118" errors="0">
  <testcase name="Test1" time="72.118" classname="MavenCode.MavenCode.TestCase1"/>
</testsuite> <!-- MavenCode.MavenCode.TestCase1 -->
