<?xml version="1.0" encoding="UTF-8"?>
<!-- Generated by org.testng.reporters.JUnitReportReporter -->
<testsuite hostname="BAPANDEVI1" name="P_O_M_DP.VerifyValidLogin" tests="1" failures="0" timestamp="20 Feb 2019 15:41:50 GMT" time="26.363" errors="0">
  <testcase name="checkValidUser" time="26.363" classname="P_O_M_DP.VerifyValidLogin"/>
</testsuite> <!-- P_O_M_DP.VerifyValidLogin -->
