<?xml version="1.0" encoding="UTF-8"?>
<!-- Generated by org.testng.reporters.JUnitReportReporter -->
<testsuite skipped="0" hostname="BAPANDEVI1" name="TestNG.DataProviderTest" tests="2" failures="0" timestamp="14 Feb 2019 10:47:22 GMT" time="0.020" errors="0">
  <testcase name="Test2" time="0.000" classname="TestNG.DataProviderTest"/>
  <testcase name="Test1" time="0.020" classname="TestNG.DataProviderTest"/>
</testsuite> <!-- TestNG.DataProviderTest -->
