<?xml version="1.0" encoding="UTF-8"?>
<!-- Generated by org.testng.reporters.JUnitReportReporter -->
<testsuite skipped="0" hostname="BAPANDEVI1" name="TestNG.DP_Practice" tests="2" failures="0" timestamp="22 Feb 2019 11:41:42 GMT" time="0.030" errors="0">
  <testcase name="T1" time="0.000" classname="TestNG.DP_Practice"/>
  <testcase name="T1" time="0.030" classname="TestNG.DP_Practice"/>
</testsuite> <!-- TestNG.DP_Practice -->
