<?xml version="1.0" encoding="UTF-8"?>
<!-- Generated by org.testng.reporters.JUnitReportReporter -->
<testsuite skipped="0" hostname="BAPANDEVI1" name="TestNGRetry.TestCase" tests="1" failures="0" timestamp="18 Dec 2018 14:56:40 GMT" time="0.050" errors="0">
  <testcase name="test1" time="0.050" classname="TestNGRetry.TestCase"/>
</testsuite> <!-- TestNGRetry.TestCase -->
