<?xml version="1.0" encoding="UTF-8"?>
<!-- Generated by org.testng.reporters.JUnitReportReporter -->
<testsuite skipped="0" hostname="BAPANDEVI1" name="TestNG.DataProvider" tests="2" failures="0" timestamp="21 Jan 2019 10:04:32 GMT" time="0.027" errors="0">
  <testcase name="Test2" time="0.003" classname="TestNG.DataProvider"/>
  <testcase name="Test1" time="0.024" classname="TestNG.DataProvider"/>
</testsuite> <!-- TestNG.DataProvider -->
