<?xml version="1.0" encoding="UTF-8"?>
<!-- Generated by org.testng.reporters.JUnitReportReporter -->
<testsuite skipped="0" hostname="BAPANDEVI1" name="TestNG.DemoTestNG" tests="3" failures="0" timestamp="01 Feb 2019 09:43:19 GMT" time="0.020" errors="0">
  <testcase name="test1" time="0.010" classname="TestNG.DemoTestNG"/>
  <testcase name="test2" time="0.010" classname="TestNG.DemoTestNG"/>
  <testcase name="test3" time="0.000" classname="TestNG.DemoTestNG"/>
</testsuite> <!-- TestNG.DemoTestNG -->
