<?xml version="1.0" encoding="UTF-8"?>
<!-- Generated by org.testng.reporters.JUnitReportReporter -->
<testsuite skipped="0" hostname="BAPANDEVI1" name="TestNG.InvocationCountDemo" tests="10" failures="0" timestamp="03 Dec 2018 10:31:50 GMT" time="0.029" errors="0">
  <testcase name="Invocation" time="0.002" classname="TestNG.InvocationCountDemo"/>
  <testcase name="Invocation" time="0.002" classname="TestNG.InvocationCountDemo"/>
  <testcase name="Invocation" time="0.011" classname="TestNG.InvocationCountDemo"/>
  <testcase name="Invocation" time="0.002" classname="TestNG.InvocationCountDemo"/>
  <testcase name="Invocation" time="0.002" classname="TestNG.InvocationCountDemo"/>
  <testcase name="Invocation" time="0.002" classname="TestNG.InvocationCountDemo"/>
  <testcase name="Invocation" time="0.002" classname="TestNG.InvocationCountDemo"/>
  <testcase name="Invocation" time="0.002" classname="TestNG.InvocationCountDemo"/>
  <testcase name="Invocation" time="0.002" classname="TestNG.InvocationCountDemo"/>
  <testcase name="Invocation" time="0.002" classname="TestNG.InvocationCountDemo"/>
</testsuite> <!-- TestNG.InvocationCountDemo -->
