<?xml version="1.0" encoding="UTF-8"?>
<!-- Generated by org.testng.reporters.JUnitReportReporter -->
<testsuite skipped="1" hostname="BAPANDEVI1" name="TestNG.SkipTestNGDemo" tests="2" failures="0" timestamp="15 Feb 2019 09:56:09 GMT" time="0.060" errors="0">
  <testcase name="SkipDemo" time="0.060" classname="TestNG.SkipTestNGDemo"/>
  <testcase name="SkipDemo1" classname="TestNG.SkipTestNGDemo">
    <skipped/>
  </testcase> <!-- SkipDemo1 -->
</testsuite> <!-- TestNG.SkipTestNGDemo -->
