<?xml version="1.0" encoding="UTF-8"?>
<!-- Generated by org.testng.reporters.JUnitReportReporter -->
<testsuite skipped="0" hostname="BAPANDEVI1" name="TestNG.TestParameters" tests="2" failures="0" timestamp="05 Feb 2019 09:13:31 GMT" time="0.050" errors="0">
  <testcase name="testCaseTwo" time="0.000" classname="TestNG.TestParameters"/>
  <testcase name="testCaseOne" time="0.050" classname="TestNG.TestParameters"/>
</testsuite> <!-- TestNG.TestParameters -->
